
this is a debug log for diagnosing/reporting problems in bzr
you can delete or truncate this file, or include sections in
bug reports to https://bugs.launchpad.net/bzr/+filebug

Mon 2017-08-21 01:13:18 +0300
0.037  bazaar version: 2.7.0
0.037  bzr arguments: [u'branch', u'lp:terminator/gtk3', u'/tmp/yaourt-tmp-aviel/aur-terminator-gtk3-bzr/terminator-gtk3-bzr', u'--no-tree', u'--use-existing-dir']
0.051  looking for plugins in /home/aviel/.bazaar/plugins
0.051  looking for plugins in /usr/lib/python2.7/site-packages/bzrlib/plugins
0.061  encoding stdout as sys.stdout encoding 'UTF-8'
[ 7832] 2017-08-21 01:13:19.992 WARNING: You have not informed bzr of your Launchpad ID, and you must do this to
write to Launchpad or access private data.  See "bzr help launchpad-login".
6.810  creating repository in file:///tmp/yaourt-tmp-aviel/aur-terminator-gtk3-bzr/terminator-gtk3-bzr/.bzr/.
6.812  Using fetch logic to copy between CHKInventoryRepository('http://bazaar.launchpad.net/~gnome-terminator/terminator/gtk3/.bzr/repository/', fallback_repositories=[CHKInventoryRepository('http://bazaar.launchpad.net/%2Bbranch-id/4807/.bzr/repository/')])(RepositoryFormat2a()) and CHKInventoryRepository('file:///tmp/yaourt-tmp-aviel/aur-terminator-gtk3-bzr/terminator-gtk3-bzr/.bzr/repository/')(RepositoryFormat2a())
6.813  fetching: <PendingAncestryResult heads:frozenset(['launchpad_translations_on_behalf_of_gnome-terminator-20170802061359-5lyodvjd3k753h8b']) repo:CHKInventoryRepository('http://bazaar.launchpad.net/~gnome-terminator/terminator/gtk3/.bzr/repository/', fallback_repositories=[CHKInventoryRepository('http://bazaar.launchpad.net/%2Bbranch-id/4807/.bzr/repository/')])>
46.446  23 bytes left on the HTTP socket
56.800  23 bytes left on the HTTP socket
63.479  23 bytes left on the HTTP socket
66.703  Transferred: 1663kB (25.6kB/s r:1604kB w:59kB)
66.796  Traceback (most recent call last):
  File "/usr/lib/python2.7/site-packages/bzrlib/commands.py", line 930, in exception_to_return_code
    return the_callable(*args, **kwargs)
  File "/usr/lib/python2.7/site-packages/bzrlib/commands.py", line 1121, in run_bzr
    ret = run(*run_argv)
  File "/usr/lib/python2.7/site-packages/bzrlib/commands.py", line 673, in run_argv_aliases
    return self.run(**all_cmd_args)
  File "/usr/lib/python2.7/site-packages/bzrlib/commands.py", line 697, in run
    return self._operation.run_simple(*args, **kwargs)
  File "/usr/lib/python2.7/site-packages/bzrlib/cleanup.py", line 136, in run_simple
    self.cleanups, self.func, *args, **kwargs)
  File "/usr/lib/python2.7/site-packages/bzrlib/cleanup.py", line 166, in _do_with_cleanups
    result = func(*args, **kwargs)
  File "/usr/lib/python2.7/site-packages/bzrlib/builtins.py", line 1507, in run
    source_branch=br_from)
  File "/usr/lib/python2.7/site-packages/bzrlib/bzrdir.py", line 367, in sprout
    create_tree_if_local=create_tree_if_local)
  File "/usr/lib/python2.7/site-packages/bzrlib/cleanup.py", line 132, in run
    self.cleanups, self.func, self, *args, **kwargs)
  File "/usr/lib/python2.7/site-packages/bzrlib/cleanup.py", line 166, in _do_with_cleanups
    result = func(*args, **kwargs)
  File "/usr/lib/python2.7/site-packages/bzrlib/bzrdir.py", line 417, in _sprout
    result_repo.fetch(source_repository, fetch_spec=fetch_spec)
  File "/usr/lib/python2.7/site-packages/bzrlib/vf_repository.py", line 1268, in fetch
    find_ghosts=find_ghosts, fetch_spec=fetch_spec)
  File "/usr/lib/python2.7/site-packages/bzrlib/decorators.py", line 218, in write_locked
    result = unbound(self, *args, **kwargs)
  File "/usr/lib/python2.7/site-packages/bzrlib/vf_repository.py", line 2585, in fetch
    find_ghosts=find_ghosts)
  File "/usr/lib/python2.7/site-packages/bzrlib/fetch.py", line 77, in __init__
    self.__fetch()
  File "/usr/lib/python2.7/site-packages/bzrlib/fetch.py", line 104, in __fetch
    self._fetch_everything_for_search(search_result)
  File "/usr/lib/python2.7/site-packages/bzrlib/fetch.py", line 132, in _fetch_everything_for_search
    stream, from_format, [])
  File "/usr/lib/python2.7/site-packages/bzrlib/vf_repository.py", line 2043, in insert_stream
    src_format, is_resume)
  File "/usr/lib/python2.7/site-packages/bzrlib/vf_repository.py", line 2121, in insert_stream_without_locking
    self.target_repo.chk_bytes.insert_record_stream(substream)
  File "/usr/lib/python2.7/site-packages/bzrlib/groupcompress.py", line 1643, in insert_record_stream
    for _ in self._insert_record_stream(stream, random_id=False):
  File "/usr/lib/python2.7/site-packages/bzrlib/groupcompress.py", line 1733, in _insert_record_stream
    for record in stream:
  File "/usr/lib/python2.7/site-packages/bzrlib/repofmt/groupcompress_repo.py", line 1257, in wrap_and_count
    for record in stream:
  File "/usr/lib/python2.7/site-packages/bzrlib/repofmt/groupcompress_repo.py", line 1231, in _filter_id_to_entry
    chk_map._bytes_to_text_key):
  File "/usr/lib/python2.7/site-packages/bzrlib/repofmt/groupcompress_repo.py", line 1359, in _filter_text_keys
    for record, items in interesting_nodes_iterable:
  File "/usr/lib/python2.7/site-packages/bzrlib/chk_map.py", line 1702, in process
    for record, items in self._process_queues():
  File "/usr/lib/python2.7/site-packages/bzrlib/chk_map.py", line 1660, in _flush_new_queue
    for record, _, p_refs, items in self._read_nodes_from_store(refs):
  File "/usr/lib/python2.7/site-packages/bzrlib/chk_map.py", line 1520, in _read_nodes_from_store
    for record in stream:
  File "/usr/lib/python2.7/site-packages/bzrlib/groupcompress.py", line 1456, in get_record_stream
    orig_keys, ordering, include_delta_closure):
  File "/usr/lib/python2.7/site-packages/bzrlib/groupcompress.py", line 1609, in _get_remaining_record_stream
    for factory in batcher.yield_factories():
  File "/usr/lib/python2.7/site-packages/bzrlib/groupcompress.py", line 1170, in yield_factories
    block_read_memo, block = blocks.next()
  File "/usr/lib/python2.7/site-packages/bzrlib/groupcompress.py", line 1412, in _get_blocks
    zdata = raw_records.next()
  File "/usr/lib/python2.7/site-packages/bzrlib/repofmt/pack_repo.py", line 2043, in get_raw_records
    for names, read_func in reader.iter_records():
  File "/usr/lib/python2.7/site-packages/bzrlib/pack.py", line 279, in iter_records
    self._read_format()
  File "/usr/lib/python2.7/site-packages/bzrlib/pack.py", line 320, in _read_format
    format = self._read_line()
  File "/usr/lib/python2.7/site-packages/bzrlib/pack.py", line 247, in _read_line
    line = self._source.readline()
  File "/usr/lib/python2.7/site-packages/bzrlib/pack.py", line 210, in readline
    self._next()
  File "/usr/lib/python2.7/site-packages/bzrlib/pack.py", line 195, in _next
    offset, data = self.readv_result.next()
  File "/usr/lib/python2.7/site-packages/bzrlib/transport/http/__init__.py", line 201, in _readv
    for cur_coal, rfile in self._coalesce_readv(relpath, coalesced):
  File "/usr/lib/python2.7/site-packages/bzrlib/transport/http/__init__.py", line 293, in _coalesce_readv
    for c, rfile in get_and_yield(relpath, ranges):
  File "/usr/lib/python2.7/site-packages/bzrlib/transport/http/__init__.py", line 256, in get_and_yield
    code, rfile = self._get(relpath, coalesced)
  File "/usr/lib/python2.7/site-packages/bzrlib/transport/http/_urllib.py", line 131, in _get
    data = handle_response(abspath, code, response.info(), response)
  File "/usr/lib/python2.7/site-packages/bzrlib/transport/http/response.py", line 381, in handle_response
    rfile.set_boundary(msg.getparam('boundary'))
  File "/usr/lib/python2.7/site-packages/bzrlib/transport/http/response.py", line 161, in set_boundary
    self.read_boundary()
  File "/usr/lib/python2.7/site-packages/bzrlib/transport/http/response.py", line 171, in read_boundary
    boundary_line = self._file.readline()
  File "/usr/lib/python2.7/socket.py", line 451, in readline
    data = self._sock.recv(self._rbufsize)
  File "/usr/lib/python2.7/httplib.py", line 597, in read
    s = self.fp.read(amt)
  File "/usr/lib/python2.7/site-packages/bzrlib/transport/http/_urllib2_wrappers.py", line 203, in read
    s = self.filesock.read(size)
  File "/usr/lib/python2.7/socket.py", line 384, in read
    data = self._sock.recv(left)
KeyboardInterrupt

66.796  return code 3
